Flow report for ep2adc
Wed Jun 05 20:15:40 2019
Quartus II Version 11.0 Build 157 04/27/2011 SJ Full Version


---------------------
; Table of Contents ;
---------------------
  1. Legal Notice
  2. Flow Summary
  3. Flow Settings
  4. Flow Non-Default Global Settings
  5. Flow Elapsed Time
  6. Flow OS Summary
  7. Flow Log



----------------
; Legal Notice ;
----------------
Copyright (C) 1991-2011 Altera Corporation
Your use of Altera Corporation's design tools, logic functions 
and other software and tools, and its AMPP partner logic 
functions, and any output files from any of the foregoing 
(including device programming or simulation files), and any 
associated documentation or information are expressly subject 
to the terms and conditions of the Altera Program License 
Subscription Agreement, Altera MegaCore Function License 
Agreement, or other applicable license agreement, including, 
without limitation, that your use is for the sole purpose of 
programming logic devices manufactured by Altera and sold by 
Altera or its authorized distributors.  Please refer to the 
applicable agreement for further details.



+--------------------------------------------------------------------------------+
; Flow Summary                                                                   ;
+------------------------------------+-------------------------------------------+
; Flow Status                        ; Successful - Wed Jun 05 20:15:40 2019     ;
; Quartus II Version                 ; 11.0 Build 157 04/27/2011 SJ Full Version ;
; Revision Name                      ; ep2adc                                    ;
; Top-level Entity Name              ; ep2adc                                    ;
; Family                             ; Cyclone II                                ;
; Device                             ; EP2C5T144C8                               ;
; Timing Models                      ; Final                                     ;
; Total logic elements               ; 3 / 4,608 ( < 1 % )                       ;
;     Total combinational functions  ; 3 / 4,608 ( < 1 % )                       ;
;     Dedicated logic registers      ; 3 / 4,608 ( < 1 % )                       ;
; Total registers                    ; 3                                         ;
; Total pins                         ; 15 / 89 ( 17 % )                          ;
; Total virtual pins                 ; 0                                         ;
; Total memory bits                  ; 0 / 119,808 ( 0 % )                       ;
; Embedded Multiplier 9-bit elements ; 0 / 26 ( 0 % )                            ;
; Total PLLs                         ; 1 / 2 ( 50 % )                            ;
+------------------------------------+-------------------------------------------+


+-----------------------------------------+
; Flow Settings                           ;
+-------------------+---------------------+
; Option            ; Setting             ;
+-------------------+---------------------+
; Start date & time ; 06/05/2019 20:15:29 ;
; Main task         ; Compilation         ;
; Revision Name     ; ep2adc              ;
+-------------------+---------------------+


+------------------------------------------------------------------------------------------------------------------------------+
; Flow Non-Default Global Settings                                                                                             ;
+--------------------------------------+----------------------------------------+---------------+-------------+----------------+
; Assignment Name                      ; Value                                  ; Default Value ; Entity Name ; Section Id     ;
+--------------------------------------+----------------------------------------+---------------+-------------+----------------+
; COMPILER_SIGNATURE_ID                ; 1097959291526.155973692904472          ; --            ; --          ; --             ;
; EDA_DESIGN_INSTANCE_NAME             ; read_adc_tb                            ; --            ; --          ; read_adc_tb    ;
; EDA_NATIVELINK_SIMULATION_TEST_BENCH ; read_adc_tb                            ; --            ; --          ; eda_simulation ;
; EDA_OUTPUT_DATA_FORMAT               ; Verilog Hdl                            ; --            ; --          ; eda_simulation ;
; EDA_SIMULATION_TOOL                  ; ModelSim (Verilog)                     ; <None>        ; --          ; --             ;
; EDA_TEST_BENCH_ENABLE_STATUS         ; TEST_BENCH_MODE                        ; --            ; --          ; eda_simulation ;
; EDA_TEST_BENCH_FILE                  ; read_adc_tb.v                          ; --            ; --          ; read_adc_tb    ;
; EDA_TEST_BENCH_MODULE_NAME           ; read_adc_tb                            ; --            ; --          ; read_adc_tb    ;
; EDA_TEST_BENCH_NAME                  ; read_adc_tb                            ; --            ; --          ; eda_simulation ;
; EDA_TEST_BENCH_RUN_SIM_FOR           ; 1 ms                                   ; --            ; --          ; read_adc_tb    ;
; EDA_TIME_SCALE                       ; 1 ps                                   ; --            ; --          ; eda_simulation ;
; ENABLE_SIGNALTAP                     ; On                                     ; --            ; --          ; --             ;
; IP_TOOL_NAME                         ; ALTPLL                                 ; --            ; --          ; --             ;
; IP_TOOL_VERSION                      ; 11.0                                   ; --            ; --          ; --             ;
; MAX_CORE_JUNCTION_TEMP               ; 85                                     ; --            ; --          ; --             ;
; MIN_CORE_JUNCTION_TEMP               ; 0                                      ; --            ; --          ; --             ;
; MISC_FILE                            ; C:/Users/wxn/Desktop/ep2adc/ep2adc.dpf ; --            ; --          ; --             ;
; MISC_FILE                            ; pll.bsf                                ; --            ; --          ; --             ;
; MISC_FILE                            ; pll_bb.v                               ; --            ; --          ; --             ;
; MISC_FILE                            ; pll.ppf                                ; --            ; --          ; --             ;
; PARTITION_COLOR                      ; 16764057                               ; --            ; --          ; Top            ;
; PARTITION_FITTER_PRESERVATION_LEVEL  ; PLACEMENT_AND_ROUTING                  ; --            ; --          ; Top            ;
; PARTITION_NETLIST_TYPE               ; SOURCE                                 ; --            ; --          ; Top            ;
; POWER_BOARD_THERMAL_MODEL            ; None (CONSERVATIVE)                    ; --            ; --          ; --             ;
; POWER_PRESET_COOLING_SOLUTION        ; 23 MM HEAT SINK WITH 200 LFPM AIRFLOW  ; --            ; --          ; --             ;
; USE_SIGNALTAP_FILE                   ; stp1.stp                               ; --            ; --          ; --             ;
+--------------------------------------+----------------------------------------+---------------+-------------+----------------+


+-------------------------------------------------------------------------------------------------------------------------------+
; Flow Elapsed Time                                                                                                             ;
+---------------------------+--------------+-------------------------+---------------------+------------------------------------+
; Module Name               ; Elapsed Time ; Average Processors Used ; Peak Virtual Memory ; Total CPU Time (on all processors) ;
+---------------------------+--------------+-------------------------+---------------------+------------------------------------+
; Analysis & Synthesis      ; 00:00:04     ; 1.0                     ; 276 MB              ; 00:00:04                           ;
; Fitter                    ; 00:00:02     ; 1.0                     ; 323 MB              ; 00:00:02                           ;
; Assembler                 ; 00:00:01     ; 1.0                     ; 248 MB              ; 00:00:01                           ;
; TimeQuest Timing Analyzer ; 00:00:01     ; 1.0                     ; 252 MB              ; 00:00:01                           ;
; EDA Netlist Writer        ; 00:00:01     ; 1.0                     ; 225 MB              ; 00:00:01                           ;
; Total                     ; 00:00:09     ; --                      ; --                  ; 00:00:09                           ;
+---------------------------+--------------+-------------------------+---------------------+------------------------------------+


+----------------------------------------------------------------------------------------+
; Flow OS Summary                                                                        ;
+---------------------------+------------------+-----------+------------+----------------+
; Module Name               ; Machine Hostname ; OS Name   ; OS Version ; Processor type ;
+---------------------------+------------------+-----------+------------+----------------+
; Analysis & Synthesis      ; wxn-PC           ; Windows 7 ; 6.1        ; x86_64         ;
; Fitter                    ; wxn-PC           ; Windows 7 ; 6.1        ; x86_64         ;
; Assembler                 ; wxn-PC           ; Windows 7 ; 6.1        ; x86_64         ;
; TimeQuest Timing Analyzer ; wxn-PC           ; Windows 7 ; 6.1        ; x86_64         ;
; EDA Netlist Writer        ; wxn-PC           ; Windows 7 ; 6.1        ; x86_64         ;
+---------------------------+------------------+-----------+------------+----------------+


------------
; Flow Log ;
------------
quartus_map --read_settings_files=on --write_settings_files=off ep2adc -c ep2adc
quartus_fit --read_settings_files=off --write_settings_files=off ep2adc -c ep2adc
quartus_asm --read_settings_files=off --write_settings_files=off ep2adc -c ep2adc
quartus_sta ep2adc -c ep2adc
quartus_eda --read_settings_files=off --write_settings_files=off ep2adc -c ep2adc



